TN:
SF:D:/Sushant/Persistent_Assign/message_posting_assignment/src/polyfills.ts
FNF:0
FNH:0
DA:46,1
DA:60,1
LF:2
LH:2
BRF:0
BRH:0
end_of_record
TN:
SF:D:/Sushant/Persistent_Assign/message_posting_assignment/src/test.ts
FN:20,(anonymous_0)
FNF:1
FNH:1
FNDA:1,(anonymous_0)
DA:3,1
DA:4,1
DA:5,1
DA:6,1
DA:7,1
DA:8,1
DA:9,1
DA:10,1
DA:20,1
DA:23,1
DA:28,1
DA:30,1
DA:32,1
LF:13
LH:13
BRF:0
BRH:0
end_of_record
TN:
SF:D:/Sushant/Persistent_Assign/message_posting_assignment/src/app/messanger/messanger.component.ts
FN:14,(anonymous_2)
FN:22,MessangerComponent
FN:30,(anonymous_4)
FN:45,(anonymous_5)
FN:68,(anonymous_6)
FN:71,(anonymous_7)
FN:76,(anonymous_8)
FN:81,(anonymous_9)
FNF:8
FNH:5
FNDA:1,(anonymous_2)
FNDA:4,MessangerComponent
FNDA:2,(anonymous_4)
FNDA:1,(anonymous_5)
FNDA:2,(anonymous_6)
FNDA:0,(anonymous_7)
FNDA:0,(anonymous_8)
FNDA:0,(anonymous_9)
DA:1,1
DA:3,1
DA:5,1
DA:14,1
DA:17,4
DA:22,4
DA:23,4
DA:30,1
DA:31,2
DA:32,2
DA:33,2
DA:45,1
DA:46,1
DA:47,0
DA:49,1
DA:50,1
DA:55,0
DA:68,2
DA:69,2
DA:70,2
DA:72,0
DA:75,2
DA:77,0
DA:80,2
DA:82,0
DA:85,1
LF:26
LH:21
BRDA:46,0,0,0
BRDA:46,0,1,1
BRF:2
BRH:1
end_of_record
TN:
SF:D:/Sushant/Persistent_Assign/message_posting_assignment/src/app/messanger/shared/mod/event.ts
FN:1,(anonymous_0)
FNF:1
FNH:1
FNDA:1,(anonymous_0)
DA:1,1
DA:2,1
DA:3,1
LF:3
LH:3
BRDA:1,0,0,1
BRDA:1,0,1,1
BRF:2
BRH:2
end_of_record
TN:
SF:D:/Sushant/Persistent_Assign/message_posting_assignment/src/app/messanger/shared/services/socket.service.ts
FN:12,(anonymous_1)
FN:24,(anonymous_3)
FN:37,(anonymous_4)
FN:50,(anonymous_5)
FN:51,(anonymous_6)
FN:52,(anonymous_7)
FN:65,(anonymous_8)
FN:66,(anonymous_9)
FN:67,(anonymous_10)
FNF:9
FNH:7
FNDA:5,(anonymous_1)
FNDA:2,(anonymous_3)
FNDA:1,(anonymous_4)
FNDA:2,(anonymous_5)
FNDA:2,(anonymous_6)
FNDA:0,(anonymous_7)
FNDA:4,(anonymous_8)
FNDA:4,(anonymous_9)
FNDA:0,(anonymous_10)
DA:1,1
DA:2,1
DA:7,1
DA:9,1
DA:12,1
DA:24,1
DA:25,2
DA:37,1
DA:38,1
DA:50,2
DA:51,2
DA:52,2
DA:65,4
DA:66,4
DA:67,4
DA:70,1
LF:16
LH:16
BRF:0
BRH:0
end_of_record
